<?xml version="1.0" encoding="UTF-8"?>
<!-- Generated by org.testng.reporters.JUnitXMLReporter -->
<testsuite ignored="0" hostname="dipuna" failures="0" tests="3" name="Test" time="23.764" errors="0" timestamp="2023-08-04T20:40:39 IST">
  <testcase classname="com.actitime.testcases.TC1_ActitimeLoginLogout" name="loginlogout" time="0.859"/>
  <testcase classname="com.actitime.testcases.TC1_ActitimeLoginLogout" name="titlevalidate" time="5.38"/>
  <testcase classname="com.actitime.testcases.TC1_ActitimeLoginLogout" name="logout" time="1.416"/>
</testsuite> <!-- Test -->
