<?xml version="1.0" encoding="UTF-8"?>
<!-- Generated by org.testng.reporters.JUnitXMLReporter -->
<testsuite ignored="0" hostname="dipuna" failures="0" tests="3" name="Test" time="22.246" errors="0" timestamp="2023-08-04T21:04:22 IST">
  <testcase classname="com.actitime.testcases.TC1_ActitimeLoginLogout" name="loginlogout" time="0.957"/>
  <testcase classname="com.actitime.testcases.TC1_ActitimeLoginLogout" name="titlevalidate" time="4.933"/>
  <testcase classname="com.actitime.testcases.TC1_ActitimeLoginLogout" name="logout" time="2.004"/>
</testsuite> <!-- Test -->
