<?xml version="1.0" encoding="UTF-8"?>
<testng-results ignored="0" total="3" passed="3" failed="0" skipped="0">
  <reporter-output>
    <line>
      <![CDATA[execution started]]>
    </line>
    <line>
      <![CDATA[both titles are matching]]>
    </line>
    <line>
      <![CDATA[execution completed]]>
    </line>
  </reporter-output>
  <suite started-at="2023-08-04T21:04:00 IST" name="Suite" finished-at="2023-08-04T21:04:22 IST" duration-ms="22246">
    <groups>
    </groups>
    <test started-at="2023-08-04T21:04:00 IST" name="Test" finished-at="2023-08-04T21:04:22 IST" duration-ms="22246">
      <class name="com.actitime.testcases.TC1_ActitimeLoginLogout">
        <test-method is-config="true" signature="executionStart()[pri:0, instance:com.actitime.testcases.TC1_ActitimeLoginLogout@7b9a4292]" started-at="2023-08-04T21:04:00 IST" name="executionStart" finished-at="2023-08-04T21:04:00 IST" duration-ms="22" status="PASS">
          <reporter-output>
            <line>
              <![CDATA[execution started]]>
            </line>
          </reporter-output>
        </test-method> <!-- executionStart -->
        <test-method is-config="true" signature="setup()[pri:0, instance:com.actitime.testcases.TC1_ActitimeLoginLogout@7b9a4292]" started-at="2023-08-04T21:04:00 IST" name="setup" finished-at="2023-08-04T21:04:14 IST" duration-ms="13988" status="PASS">
          <reporter-output>
          </reporter-output>
        </test-method> <!-- setup -->
        <test-method signature="loginlogout()[pri:0, instance:com.actitime.testcases.TC1_ActitimeLoginLogout@7b9a4292]" started-at="2023-08-04T21:04:14 IST" name="loginlogout" finished-at="2023-08-04T21:04:15 IST" duration-ms="957" status="PASS">
          <reporter-output>
          </reporter-output>
        </test-method> <!-- loginlogout -->
        <test-method signature="titlevalidate()[pri:0, instance:com.actitime.testcases.TC1_ActitimeLoginLogout@7b9a4292]" started-at="2023-08-04T21:04:15 IST" name="titlevalidate" finished-at="2023-08-04T21:04:20 IST" depends-on-methods="com.actitime.testcases.TC1_ActitimeLoginLogout.loginlogout" duration-ms="4933" status="PASS">
          <reporter-output>
            <line>
              <![CDATA[both titles are matching]]>
            </line>
          </reporter-output>
        </test-method> <!-- titlevalidate -->
        <test-method signature="logout()[pri:0, instance:com.actitime.testcases.TC1_ActitimeLoginLogout@7b9a4292]" started-at="2023-08-04T21:04:20 IST" name="logout" finished-at="2023-08-04T21:04:22 IST" depends-on-methods="com.actitime.testcases.TC1_ActitimeLoginLogout.titlevalidate" duration-ms="2004" status="PASS">
          <reporter-output>
          </reporter-output>
        </test-method> <!-- logout -->
        <test-method is-config="true" signature="teardown()[pri:0, instance:com.actitime.testcases.TC1_ActitimeLoginLogout@7b9a4292]" started-at="2023-08-04T21:04:22 IST" name="teardown" finished-at="2023-08-04T21:04:22 IST" duration-ms="318" status="PASS">
          <reporter-output>
          </reporter-output>
        </test-method> <!-- teardown -->
        <test-method is-config="true" signature="executionComplete()[pri:0, instance:com.actitime.testcases.TC1_ActitimeLoginLogout@7b9a4292]" started-at="2023-08-04T21:04:22 IST" name="executionComplete" finished-at="2023-08-04T21:04:22 IST" duration-ms="0" status="PASS">
          <reporter-output>
            <line>
              <![CDATA[execution completed]]>
            </line>
          </reporter-output>
        </test-method> <!-- executionComplete -->
      </class> <!-- com.actitime.testcases.TC1_ActitimeLoginLogout -->
    </test> <!-- Test -->
  </suite> <!-- Suite -->
</testng-results>
