<?xml version="1.0" encoding="UTF-8"?>
<testng-results ignored="0" total="3" passed="3" failed="0" skipped="0">
  <reporter-output>
    <line>
      <![CDATA[execution started]]>
    </line>
    <line>
      <![CDATA[both titles are matching]]>
    </line>
    <line>
      <![CDATA[execution completed]]>
    </line>
  </reporter-output>
  <suite started-at="2023-08-04T20:40:15 IST" name="Suite" finished-at="2023-08-04T20:40:39 IST" duration-ms="23764">
    <groups>
    </groups>
    <test started-at="2023-08-04T20:40:15 IST" name="Test" finished-at="2023-08-04T20:40:39 IST" duration-ms="23764">
      <class name="com.actitime.testcases.TC1_ActitimeLoginLogout">
        <test-method is-config="true" signature="executionStart()[pri:0, instance:com.actitime.testcases.TC1_ActitimeLoginLogout@59474f18]" started-at="2023-08-04T20:40:15 IST" name="executionStart" finished-at="2023-08-04T20:40:15 IST" duration-ms="12" status="PASS">
          <reporter-output>
            <line>
              <![CDATA[execution started]]>
            </line>
          </reporter-output>
        </test-method> <!-- executionStart -->
        <test-method is-config="true" signature="setup()[pri:0, instance:com.actitime.testcases.TC1_ActitimeLoginLogout@59474f18]" started-at="2023-08-04T20:40:15 IST" name="setup" finished-at="2023-08-04T20:40:31 IST" duration-ms="15805" status="PASS">
          <reporter-output>
          </reporter-output>
        </test-method> <!-- setup -->
        <test-method signature="loginlogout()[pri:0, instance:com.actitime.testcases.TC1_ActitimeLoginLogout@59474f18]" started-at="2023-08-04T20:40:31 IST" name="loginlogout" finished-at="2023-08-04T20:40:32 IST" duration-ms="859" status="PASS">
          <reporter-output>
          </reporter-output>
        </test-method> <!-- loginlogout -->
        <test-method signature="titlevalidate()[pri:0, instance:com.actitime.testcases.TC1_ActitimeLoginLogout@59474f18]" started-at="2023-08-04T20:40:32 IST" name="titlevalidate" finished-at="2023-08-04T20:40:37 IST" depends-on-methods="com.actitime.testcases.TC1_ActitimeLoginLogout.loginlogout" duration-ms="5380" status="PASS">
          <reporter-output>
            <line>
              <![CDATA[both titles are matching]]>
            </line>
          </reporter-output>
        </test-method> <!-- titlevalidate -->
        <test-method signature="logout()[pri:0, instance:com.actitime.testcases.TC1_ActitimeLoginLogout@59474f18]" started-at="2023-08-04T20:40:37 IST" name="logout" finished-at="2023-08-04T20:40:39 IST" depends-on-methods="com.actitime.testcases.TC1_ActitimeLoginLogout.titlevalidate" duration-ms="1416" status="PASS">
          <reporter-output>
          </reporter-output>
        </test-method> <!-- logout -->
        <test-method is-config="true" signature="teardown()[pri:0, instance:com.actitime.testcases.TC1_ActitimeLoginLogout@59474f18]" started-at="2023-08-04T20:40:39 IST" name="teardown" finished-at="2023-08-04T20:40:39 IST" duration-ms="258" status="PASS">
          <reporter-output>
          </reporter-output>
        </test-method> <!-- teardown -->
        <test-method is-config="true" signature="executionComplete()[pri:0, instance:com.actitime.testcases.TC1_ActitimeLoginLogout@59474f18]" started-at="2023-08-04T20:40:39 IST" name="executionComplete" finished-at="2023-08-04T20:40:39 IST" duration-ms="0" status="PASS">
          <reporter-output>
            <line>
              <![CDATA[execution completed]]>
            </line>
          </reporter-output>
        </test-method> <!-- executionComplete -->
      </class> <!-- com.actitime.testcases.TC1_ActitimeLoginLogout -->
    </test> <!-- Test -->
  </suite> <!-- Suite -->
</testng-results>
